<?xml version="1.0" encoding="UTF-8"?>
<!-- Generated by org.testng.reporters.JUnitXMLReporter -->
<testsuite ignored="0" hostname="DESKTOP-N3VQQST" failures="0" tests="4" name="Default test" time="14.406" errors="0" timestamp="2021-12-26T20:57:26 EET">
  <testcase classname="tests.SearchTest" name="userSearch" time="8.868"/>
  <testcase classname="tests.SearchTest" name="firstScreenNavigation" time="3.037"/>
  <testcase classname="tests.SearchTest" name="SecondScreenNavigation" time="2.365"/>
  <testcase classname="tests.SearchTest" name="ThirdScreenNavigation" time="0.078"/>
</testsuite> <!-- Default test -->
