<?xml version="1.0" encoding="UTF-8"?>
<!-- Generated by org.testng.reporters.JUnitXMLReporter -->
<testsuite ignored="0" hostname="DESKTOP-N3VQQST" failures="0" tests="4" name="Search Test" time="10.786" errors="0" timestamp="2021-12-26T13:40:16 EET">
  <testcase classname="tests.SearchTest" name="userSearch" time="0.558"/>
  <testcase classname="tests.SearchTest" name="firstScreenNavigation" time="6.984"/>
  <testcase classname="tests.SearchTest" name="SecondScreenNavigation" time="3.151"/>
  <testcase classname="tests.SearchTest" name="ThirdScreenNavigation" time="0.032"/>
</testsuite> <!-- Search Test -->
